-encoding
UTF-8
-outxml
-source
1.6
-target
1.6
-classpath
/home/julian/.m2/repository/antlr/antlr/2.7.6/antlr-2.7.6.jar:/home/julian/.m2/repository/aopalliance/aopalliance/1.0/aopalliance-1.0.jar:/home/julian/.m2/repository/cglib/cglib-nodep/2.2.2/cglib-nodep-2.2.2.jar:/home/julian/.m2/repository/com/sun/faces/jsf-api/2.1.2/jsf-api-2.1.2.jar:/home/julian/.m2/repository/com/sun/faces/jsf-impl/2.1.2/jsf-impl-2.1.2.jar:/home/julian/.m2/repository/commons-collections/commons-collections/3.1/commons-collections-3.1.jar:/home/julian/.m2/repository/commons-dbcp/commons-dbcp/1.3/commons-dbcp-1.3.jar:/home/julian/.m2/repository/commons-fileupload/commons-fileupload/1.2.2/commons-fileupload-1.2.2.jar:/home/julian/.m2/repository/commons-io/commons-io/2.1/commons-io-2.1.jar:/home/julian/.m2/repository/commons-pool/commons-pool/1.5.4/commons-pool-1.5.4.jar:/home/julian/.m2/repository/dom4j/dom4j/1.6.1/dom4j-1.6.1.jar:/home/julian/.m2/repository/javassist/javassist/3.12.0.GA/javassist-3.12.0.GA.jar:/home/julian/.m2/repository/javax/el/el-api/2.2/el-api-2.2.jar:/home/julian/.m2/repository/javax/servlet/servlet-api/2.5/servlet-api-2.5.jar:/home/julian/.m2/repository/javax/transaction/jta/1.1/jta-1.1.jar:/home/julian/.m2/repository/javax/validation/validation-api/1.0.0.GA/validation-api-1.0.0.GA.jar:/home/julian/.m2/repository/junit/junit/4.9/junit-4.9.jar:/home/julian/.m2/repository/log4j/log4j/1.2.16/log4j-1.2.16.jar:/home/julian/.m2/repository/net/sf/flexjson/flexjson/2.1/flexjson-2.1.jar:/home/julian/.m2/repository/org/apache/commons/commons-lang3/3.0.1/commons-lang3-3.0.1.jar:/home/julian/.m2/repository/org/aspectj/aspectjrt/1.6.12.M2/aspectjrt-1.6.12.M2.jar:/home/julian/.m2/repository/org/aspectj/aspectjweaver/1.6.12.M2/aspectjweaver-1.6.12.M2.jar:/home/julian/.m2/repository/org/hibernate/hibernate-commons-annotations/3.2.0.Final/hibernate-commons-annotations-3.2.0.Final.jar:/home/julian/.m2/repository/org/hibernate/hibernate-core/3.6.8.Final/hibernate-core-3.6.8.Final.jar:/home/julian/.m2/repository/org/hibernate/hibernate-entitymanager/3.6.8.Final/hibernate-entitymanager-3.6.8.Final.jar:/home/julian/.m2/repository/org/hibernate/hibernate-validator/4.2.0.Final/hibernate-validator-4.2.0.Final.jar:/home/julian/.m2/repository/org/hibernate/javax/persistence/hibernate-jpa-2.0-api/1.0.1.Final/hibernate-jpa-2.0-api-1.0.1.Final.jar:/home/julian/.m2/repository/org/hsqldb/hsqldb/1.8.0.10/hsqldb-1.8.0.10.jar:/home/julian/.m2/repository/org/primefaces/primefaces/3.0.M4/primefaces-3.0.M4.jar:/home/julian/.m2/repository/org/primefaces/themes/south-street/1.0.2/south-street-1.0.2.jar:/home/julian/.m2/repository/org/slf4j/jcl-over-slf4j/1.6.2/jcl-over-slf4j-1.6.2.jar:/home/julian/.m2/repository/org/slf4j/slf4j-api/1.6.2/slf4j-api-1.6.2.jar:/home/julian/.m2/repository/org/slf4j/slf4j-log4j12/1.6.2/slf4j-log4j12-1.6.2.jar:/home/julian/.m2/repository/org/springframework/spring-aop/3.0.6.RELEASE/spring-aop-3.0.6.RELEASE.jar:/home/julian/.m2/repository/org/springframework/spring-asm/3.0.6.RELEASE/spring-asm-3.0.6.RELEASE.jar:/home/julian/.m2/repository/org/springframework/spring-aspects/3.0.6.RELEASE/spring-aspects-3.0.6.RELEASE.jar:/home/julian/.m2/repository/org/springframework/spring-beans/3.0.6.RELEASE/spring-beans-3.0.6.RELEASE.jar:/home/julian/.m2/repository/org/springframework/spring-context/3.0.6.RELEASE/spring-context-3.0.6.RELEASE.jar:/home/julian/.m2/repository/org/springframework/spring-context-support/3.0.6.RELEASE/spring-context-support-3.0.6.RELEASE.jar:/home/julian/.m2/repository/org/springframework/spring-core/3.0.6.RELEASE/spring-core-3.0.6.RELEASE.jar:/home/julian/.m2/repository/org/springframework/spring-expression/3.0.6.RELEASE/spring-expression-3.0.6.RELEASE.jar:/home/julian/.m2/repository/org/springframework/spring-jdbc/3.0.6.RELEASE/spring-jdbc-3.0.6.RELEASE.jar:/home/julian/.m2/repository/org/springframework/spring-orm/3.0.6.RELEASE/spring-orm-3.0.6.RELEASE.jar:/home/julian/.m2/repository/org/springframework/spring-test/3.0.6.RELEASE/spring-test-3.0.6.RELEASE.jar:/home/julian/.m2/repository/org/springframework/spring-tx/3.0.6.RELEASE/spring-tx-3.0.6.RELEASE.jar:/home/julian/.m2/repository/org/springframework/spring-web/3.0.6.RELEASE/spring-web-3.0.6.RELEASE.jar:/home/julian/.m2/repository/org/springframework/data/spring-data-commons-core/1.1.0.RELEASE/spring-data-commons-core-1.1.0.RELEASE.jar:/home/julian/.m2/repository/org/springframework/data/spring-data-jpa/1.0.1.RELEASE/spring-data-jpa-1.0.1.RELEASE.jar:/home/julian/.m2/repository/org/springframework/roo/org.springframework.roo.annotations/1.2.0.RC1/org.springframework.roo.annotations-1.2.0.RC1.jar:/home/julian/Documents/workspace-sts-2.8.1.RELEASE/Student-Management/target/classes
-aspectpath
/home/julian/.m2/repository/org/springframework/spring-aspects/3.0.6.RELEASE/spring-aspects-3.0.6.RELEASE.jar
-d
/home/julian/Documents/workspace-sts-2.8.1.RELEASE/Student-Management/target/classes
/home/julian/Documents/workspace-sts-2.8.1.RELEASE/Student-Management/src/main/java/com/studentmanagement/web/SubjectBean_Roo_ManagedBean.aj
/home/julian/Documents/workspace-sts-2.8.1.RELEASE/Student-Management/src/main/java/com/studentmanagement/domain/Subject_Roo_Jpa_Entity.aj
/home/julian/Documents/workspace-sts-2.8.1.RELEASE/Student-Management/src/main/java/com/studentmanagement/web/util/ViewExpiredExceptionExceptionHandlerFactory.java
/home/julian/Documents/workspace-sts-2.8.1.RELEASE/Student-Management/src/main/java/com/studentmanagement/web/util/ViewExpiredExceptionExceptionHandler.java
/home/julian/Documents/workspace-sts-2.8.1.RELEASE/Student-Management/src/main/java/com/studentmanagement/domain/Subject.java
/home/julian/Documents/workspace-sts-2.8.1.RELEASE/Student-Management/src/main/java/com/studentmanagement/web/SubjectBean.java
/home/julian/Documents/workspace-sts-2.8.1.RELEASE/Student-Management/src/main/java/com/studentmanagement/domain/Student_Roo_Jpa_Entity.aj
/home/julian/Documents/workspace-sts-2.8.1.RELEASE/Student-Management/src/main/java/com/studentmanagement/web/SubjectBean_Roo_Configurable.aj
/home/julian/Documents/workspace-sts-2.8.1.RELEASE/Student-Management/src/main/java/com/studentmanagement/web/util/LocaleBean.java
/home/julian/Documents/workspace-sts-2.8.1.RELEASE/Student-Management/src/main/java/com/studentmanagement/web/ApplicationBean.java
/home/julian/Documents/workspace-sts-2.8.1.RELEASE/Student-Management/src/main/java/com/studentmanagement/web/ApplicationBean_Roo_ApplicationBean.aj
/home/julian/Documents/workspace-sts-2.8.1.RELEASE/Student-Management/src/main/java/com/studentmanagement/web/StudentBean_Roo_Configurable.aj
/home/julian/Documents/workspace-sts-2.8.1.RELEASE/Student-Management/src/main/java/com/studentmanagement/domain/StudentRepository_Roo_Jpa_Repository.aj
/home/julian/Documents/workspace-sts-2.8.1.RELEASE/Student-Management/src/main/java/com/studentmanagement/web/converter/StudentConverter.java
/home/julian/Documents/workspace-sts-2.8.1.RELEASE/Student-Management/src/main/java/com/studentmanagement/domain/Student_Roo_ToString.aj
/home/julian/Documents/workspace-sts-2.8.1.RELEASE/Student-Management/src/main/java/com/studentmanagement/web/converter/StudentConverter_Roo_Configurable.aj
/home/julian/Documents/workspace-sts-2.8.1.RELEASE/Student-Management/src/main/java/com/studentmanagement/domain/Student.java
/home/julian/Documents/workspace-sts-2.8.1.RELEASE/Student-Management/src/main/java/com/studentmanagement/shared/Degrees.java
/home/julian/Documents/workspace-sts-2.8.1.RELEASE/Student-Management/src/main/java/com/studentmanagement/domain/Student_Roo_JavaBean.aj
/home/julian/Documents/workspace-sts-2.8.1.RELEASE/Student-Management/src/main/java/com/studentmanagement/domain/Subject_Roo_Equals.aj
/home/julian/Documents/workspace-sts-2.8.1.RELEASE/Student-Management/src/main/java/com/studentmanagement/domain/SubjectRepository_Roo_Jpa_Repository.aj
/home/julian/Documents/workspace-sts-2.8.1.RELEASE/Student-Management/src/main/java/com/studentmanagement/web/converter/StudentConverter_Roo_Converter.aj
/home/julian/Documents/workspace-sts-2.8.1.RELEASE/Student-Management/src/main/java/com/studentmanagement/domain/Student_Roo_Equals.aj
/home/julian/Documents/workspace-sts-2.8.1.RELEASE/Student-Management/src/main/java/com/studentmanagement/web/converter/SubjectConverter_Roo_Configurable.aj
/home/julian/Documents/workspace-sts-2.8.1.RELEASE/Student-Management/src/main/java/com/studentmanagement/domain/Subject_Roo_JavaBean.aj
/home/julian/Documents/workspace-sts-2.8.1.RELEASE/Student-Management/src/main/java/com/studentmanagement/web/StudentBean_Roo_ManagedBean.aj
/home/julian/Documents/workspace-sts-2.8.1.RELEASE/Student-Management/src/main/java/com/studentmanagement/domain/Subject_Roo_ToString.aj
/home/julian/Documents/workspace-sts-2.8.1.RELEASE/Student-Management/src/main/java/com/studentmanagement/domain/StudentRepository.java
/home/julian/Documents/workspace-sts-2.8.1.RELEASE/Student-Management/src/main/java/com/studentmanagement/web/converter/SubjectConverter_Roo_Converter.aj
/home/julian/Documents/workspace-sts-2.8.1.RELEASE/Student-Management/src/main/java/com/studentmanagement/web/converter/SubjectConverter.java
/home/julian/Documents/workspace-sts-2.8.1.RELEASE/Student-Management/src/main/java/com/studentmanagement/domain/SubjectRepository.java
/home/julian/Documents/workspace-sts-2.8.1.RELEASE/Student-Management/src/main/java/com/studentmanagement/web/StudentBean.java
/home/julian/Documents/workspace-sts-2.8.1.RELEASE/Student-Management/src/main/java/com/studentmanagement/web/ApplicationBean_Roo_Configurable.aj
